<?xml version="1.0" encoding="UTF-8"?>
<testng-results ignored="0" total="2" passed="0" failed="2" skipped="0">
  <reporter-output>
  </reporter-output>
  <suite started-at="2024-11-08T22:16:52 EET" name="Demo Test Suite" finished-at="2024-11-08T22:17:02 EET" duration-ms="10766">
    <groups>
    </groups>
    <test started-at="2024-11-08T22:16:52 EET" name="TC_01_Chrome" finished-at="2024-11-08T22:17:02 EET" duration-ms="10766">
      <class name="com.demo.test_cases.TestCase_01">
        <test-method is-config="true" signature="getTestData()[pri:0, instance:com.demo.test_cases.TestCase_01@3eb81efb]" started-at="2024-11-08T22:16:52 EET" name="getTestData" finished-at="2024-11-08T22:16:52 EET" duration-ms="38" status="PASS">
          <reporter-output>
          </reporter-output>
        </test-method> <!-- getTestData -->
        <test-method is-config="true" signature="initWebBrowser(java.lang.String)[pri:0, instance:com.demo.test_cases.TestCase_01@3eb81efb]" started-at="2024-11-08T22:16:52 EET" name="initWebBrowser" finished-at="2024-11-08T22:16:56 EET" duration-ms="3936" status="PASS">
          <params>
            <param index="0">
              <value>
                <![CDATA[chrome]]>
              </value>
            </param>
          </params>
          <reporter-output>
          </reporter-output>
        </test-method> <!-- initWebBrowser -->
        <test-method signature="checkHomePage()[pri:0, instance:com.demo.test_cases.TestCase_01@3eb81efb]" started-at="2024-11-08T22:16:56 EET" name="checkHomePage" description="WEB" finished-at="2024-11-08T22:16:57 EET" duration-ms="1449" status="FAIL">
          <exception class="java.lang.AssertionError">
            <message>
              <![CDATA[Page title is incorrect expected [Кредити онлайн до 6 000 лв. Пари навреме! | Credissimo] but found [Кредити онлайн до 10 000 лв. Пари навреме! | Credissimo]]]>
            </message>
            <full-stacktrace>
              <![CDATA[java.lang.AssertionError: Page title is incorrect expected [Кредити онлайн до 6 000 лв. Пари навреме! | Credissimo] but found [Кредити онлайн до 10 000 лв. Пари навреме! | Credissimo]
at org.testng.Assert.fail(Assert.java:111)
at org.testng.Assert.failNotEquals(Assert.java:1578)
at org.testng.Assert.assertEqualsImpl(Assert.java:150)
at org.testng.Assert.assertEquals(Assert.java:132)
at org.testng.Assert.assertEquals(Assert.java:656)
at com.demo.test_scripts.ui.Home.openHomePage(Home.java:22)
at com.demo.test_cases.TestCase_01.checkHomePage(TestCase_01.java:29)
at java.base/jdk.internal.reflect.NativeMethodAccessorImpl.invoke0(Native Method)
at java.base/jdk.internal.reflect.NativeMethodAccessorImpl.invoke(NativeMethodAccessorImpl.java:77)
at java.base/jdk.internal.reflect.DelegatingMethodAccessorImpl.invoke(DelegatingMethodAccessorImpl.java:43)
at java.base/java.lang.reflect.Method.invoke(Method.java:568)
at org.testng.internal.invokers.MethodInvocationHelper.invokeMethod(MethodInvocationHelper.java:139)
at org.testng.internal.invokers.TestInvoker.invokeMethod(TestInvoker.java:664)
at org.testng.internal.invokers.TestInvoker.invokeTestMethod(TestInvoker.java:228)
at org.testng.internal.invokers.MethodRunner.runInSequence(MethodRunner.java:63)
at org.testng.internal.invokers.TestInvoker$MethodInvocationAgent.invoke(TestInvoker.java:961)
at org.testng.internal.invokers.TestInvoker.invokeTestMethods(TestInvoker.java:201)
at org.testng.internal.invokers.TestMethodWorker.invokeTestMethods(TestMethodWorker.java:148)
at org.testng.internal.invokers.TestMethodWorker.run(TestMethodWorker.java:128)
at java.base/java.util.ArrayList.forEach(ArrayList.java:1511)
at org.testng.TestRunner.privateRun(TestRunner.java:819)
at org.testng.TestRunner.run(TestRunner.java:619)
at org.testng.SuiteRunner.runTest(SuiteRunner.java:443)
at org.testng.SuiteRunner.runSequentially(SuiteRunner.java:437)
at org.testng.SuiteRunner.privateRun(SuiteRunner.java:397)
at org.testng.SuiteRunner.run(SuiteRunner.java:336)
at org.testng.SuiteRunnerWorker.runSuite(SuiteRunnerWorker.java:52)
at org.testng.SuiteRunnerWorker.run(SuiteRunnerWorker.java:95)
at org.testng.TestNG.runSuitesSequentially(TestNG.java:1301)
at org.testng.TestNG.runSuitesLocally(TestNG.java:1228)
at org.testng.TestNG.runSuites(TestNG.java:1134)
at org.testng.TestNG.run(TestNG.java:1101)
at org.testng.TestNG.privateMain(TestNG.java:1461)
at org.testng.TestNG.main(TestNG.java:1425)
]]>
            </full-stacktrace>
          </exception> <!-- java.lang.AssertionError -->
          <reporter-output>
          </reporter-output>
        </test-method> <!-- checkHomePage -->
        <test-method is-config="true" signature="closeWebBrowser()[pri:0, instance:com.demo.test_cases.TestCase_01@3eb81efb]" started-at="2024-11-08T22:16:57 EET" name="closeWebBrowser" finished-at="2024-11-08T22:16:57 EET" duration-ms="110" status="PASS">
          <reporter-output>
          </reporter-output>
        </test-method> <!-- closeWebBrowser -->
        <test-method is-config="true" signature="initWebBrowser(java.lang.String)[pri:0, instance:com.demo.test_cases.TestCase_01@3eb81efb]" started-at="2024-11-08T22:16:57 EET" name="initWebBrowser" finished-at="2024-11-08T22:17:01 EET" duration-ms="3614" status="PASS">
          <params>
            <param index="0">
              <value>
                <![CDATA[chrome]]>
              </value>
            </param>
          </params>
          <reporter-output>
          </reporter-output>
        </test-method> <!-- initWebBrowser -->
        <test-method signature="checkUserLogin()[pri:1, instance:com.demo.test_cases.TestCase_01@3eb81efb]" started-at="2024-11-08T22:17:01 EET" name="checkUserLogin" description="WEB" finished-at="2024-11-08T22:17:02 EET" duration-ms="1160" status="FAIL">
          <exception class="java.lang.AssertionError">
            <message>
              <![CDATA[Page title is incorrect expected [Кредити онлайн до 6 000 лв. Пари навреме! | Credissimo] but found [Кредити онлайн до 10 000 лв. Пари навреме! | Credissimo]]]>
            </message>
            <full-stacktrace>
              <![CDATA[java.lang.AssertionError: Page title is incorrect expected [Кредити онлайн до 6 000 лв. Пари навреме! | Credissimo] but found [Кредити онлайн до 10 000 лв. Пари навреме! | Credissimo]
at org.testng.Assert.fail(Assert.java:111)
at org.testng.Assert.failNotEquals(Assert.java:1578)
at org.testng.Assert.assertEqualsImpl(Assert.java:150)
at org.testng.Assert.assertEquals(Assert.java:132)
at org.testng.Assert.assertEquals(Assert.java:656)
at com.demo.test_scripts.ui.Home.openHomePage(Home.java:22)
at com.demo.test_cases.TestCase_01.checkUserLogin(TestCase_01.java:51)
at java.base/jdk.internal.reflect.NativeMethodAccessorImpl.invoke0(Native Method)
at java.base/jdk.internal.reflect.NativeMethodAccessorImpl.invoke(NativeMethodAccessorImpl.java:77)
at java.base/jdk.internal.reflect.DelegatingMethodAccessorImpl.invoke(DelegatingMethodAccessorImpl.java:43)
at java.base/java.lang.reflect.Method.invoke(Method.java:568)
at org.testng.internal.invokers.MethodInvocationHelper.invokeMethod(MethodInvocationHelper.java:139)
at org.testng.internal.invokers.TestInvoker.invokeMethod(TestInvoker.java:664)
at org.testng.internal.invokers.TestInvoker.invokeTestMethod(TestInvoker.java:228)
at org.testng.internal.invokers.MethodRunner.runInSequence(MethodRunner.java:63)
at org.testng.internal.invokers.TestInvoker$MethodInvocationAgent.invoke(TestInvoker.java:961)
at org.testng.internal.invokers.TestInvoker.invokeTestMethods(TestInvoker.java:201)
at org.testng.internal.invokers.TestMethodWorker.invokeTestMethods(TestMethodWorker.java:148)
at org.testng.internal.invokers.TestMethodWorker.run(TestMethodWorker.java:128)
at java.base/java.util.ArrayList.forEach(ArrayList.java:1511)
at org.testng.TestRunner.privateRun(TestRunner.java:819)
at org.testng.TestRunner.run(TestRunner.java:619)
at org.testng.SuiteRunner.runTest(SuiteRunner.java:443)
at org.testng.SuiteRunner.runSequentially(SuiteRunner.java:437)
at org.testng.SuiteRunner.privateRun(SuiteRunner.java:397)
at org.testng.SuiteRunner.run(SuiteRunner.java:336)
at org.testng.SuiteRunnerWorker.runSuite(SuiteRunnerWorker.java:52)
at org.testng.SuiteRunnerWorker.run(SuiteRunnerWorker.java:95)
at org.testng.TestNG.runSuitesSequentially(TestNG.java:1301)
at org.testng.TestNG.runSuitesLocally(TestNG.java:1228)
at org.testng.TestNG.runSuites(TestNG.java:1134)
at org.testng.TestNG.run(TestNG.java:1101)
at org.testng.TestNG.privateMain(TestNG.java:1461)
at org.testng.TestNG.main(TestNG.java:1425)
]]>
            </full-stacktrace>
          </exception> <!-- java.lang.AssertionError -->
          <reporter-output>
          </reporter-output>
        </test-method> <!-- checkUserLogin -->
        <test-method is-config="true" signature="closeWebBrowser()[pri:0, instance:com.demo.test_cases.TestCase_01@3eb81efb]" started-at="2024-11-08T22:17:02 EET" name="closeWebBrowser" finished-at="2024-11-08T22:17:02 EET" duration-ms="119" status="PASS">
          <reporter-output>
          </reporter-output>
        </test-method> <!-- closeWebBrowser -->
        <test-method is-config="true" signature="clearXmlFiles()[pri:0, instance:com.demo.test_cases.TestCase_01@3eb81efb]" started-at="2024-11-08T22:17:02 EET" name="clearXmlFiles" finished-at="2024-11-08T22:17:03 EET" duration-ms="368" status="PASS">
          <reporter-output>
          </reporter-output>
        </test-method> <!-- clearXmlFiles -->
      </class> <!-- com.demo.test_cases.TestCase_01 -->
    </test> <!-- TC_01_Chrome -->
  </suite> <!-- Demo Test Suite -->
</testng-results>
